<?xml version="1.0" encoding="UTF-8" standalone="no"?><testsuite errors="1" failures="0" name="Gestion de la compra de productos" skipped="0" tests="1" time="1.41" timestamp="2025-03-04 06:14:38"><testcase name="Proceso de compra exitoso completado"><error type="java.lang.NullPointerException"/><system-err>null&#13;
com.google.common.base.Preconditions.checkNotNull(Preconditions.java:906)&#13;
stepdefinitions.PurchaseProcessSteps.elUsuarioHaceLoginConCredencialesValidas(PurchaseProcessSteps.java:22)&#13;
✽.el usuario hace login con credenciales validas(classpath:features/PurchaseProcess.feature:7)&#13;
</system-err></testcase></testsuite>